<?xml version="1.0" encoding="UTF-8"?>
<testsuite xmlns:xsi="http://www.w3.org/2001/XMLSchema-instance" xsi:noNamespaceSchemaLocation="https://maven.apache.org/surefire/maven-surefire-plugin/xsd/surefire-test-report-3.0.xsd" version="3.0" name="com.github.krzwier.KrzwierApplicationTests" time="0.754" tests="1" errors="0" skipped="0" failures="0">
  <properties>
    <property name="gopherProxySet" value="false"/>
    <property name="awt.toolkit" value="sun.lwawt.macosx.LWCToolkit"/>
    <property name="java.specification.version" value="11"/>
    <property name="sun.cpu.isalist" value=""/>
    <property name="sun.jnu.encoding" value="UTF-8"/>
    <property name="java.class.path" value="/Users/krzwier/Dropbox/GitHub/factorial/backend/target/test-classes:/Users/krzwier/Dropbox/GitHub/factorial/backend/target/classes:/Users/krzwier/.m2/repository/org/hamcrest/hamcrest/2.2/hamcrest-2.2.jar:/Users/krzwier/.m2/repository/org/springframework/boot/spring-boot-starter-web/2.5.0/spring-boot-starter-web-2.5.0.jar:/Users/krzwier/.m2/repository/org/springframework/boot/spring-boot-starter/2.5.0/spring-boot-starter-2.5.0.jar:/Users/krzwier/.m2/repository/org/springframework/boot/spring-boot/2.5.0/spring-boot-2.5.0.jar:/Users/krzwier/.m2/repository/org/springframework/boot/spring-boot-autoconfigure/2.5.0/spring-boot-autoconfigure-2.5.0.jar:/Users/krzwier/.m2/repository/org/springframework/boot/spring-boot-starter-logging/2.5.0/spring-boot-starter-logging-2.5.0.jar:/Users/krzwier/.m2/repository/ch/qos/logback/logback-classic/1.2.3/logback-classic-1.2.3.jar:/Users/krzwier/.m2/repository/ch/qos/logback/logback-core/1.2.3/logback-core-1.2.3.jar:/Users/krzwier/.m2/repository/org/apache/logging/log4j/log4j-to-slf4j/2.14.1/log4j-to-slf4j-2.14.1.jar:/Users/krzwier/.m2/repository/org/apache/logging/log4j/log4j-api/2.14.1/log4j-api-2.14.1.jar:/Users/krzwier/.m2/repository/org/slf4j/jul-to-slf4j/1.7.30/jul-to-slf4j-1.7.30.jar:/Users/krzwier/.m2/repository/jakarta/annotation/jakarta.annotation-api/1.3.5/jakarta.annotation-api-1.3.5.jar:/Users/krzwier/.m2/repository/org/yaml/snakeyaml/1.28/snakeyaml-1.28.jar:/Users/krzwier/.m2/repository/org/springframework/boot/spring-boot-starter-json/2.5.0/spring-boot-starter-json-2.5.0.jar:/Users/krzwier/.m2/repository/com/fasterxml/jackson/core/jackson-databind/2.12.3/jackson-databind-2.12.3.jar:/Users/krzwier/.m2/repository/com/fasterxml/jackson/core/jackson-annotations/2.12.3/jackson-annotations-2.12.3.jar:/Users/krzwier/.m2/repository/com/fasterxml/jackson/core/jackson-core/2.12.3/jackson-core-2.12.3.jar:/Users/krzwier/.m2/repository/com/fasterxml/jackson/datatype/jackson-datatype-jdk8/2.12.3/jackson-datatype-jdk8-2.12.3.jar:/Users/krzwier/.m2/repository/com/fasterxml/jackson/datatype/jackson-datatype-jsr310/2.12.3/jackson-datatype-jsr310-2.12.3.jar:/Users/krzwier/.m2/repository/com/fasterxml/jackson/module/jackson-module-parameter-names/2.12.3/jackson-module-parameter-names-2.12.3.jar:/Users/krzwier/.m2/repository/org/springframework/boot/spring-boot-starter-tomcat/2.5.0/spring-boot-starter-tomcat-2.5.0.jar:/Users/krzwier/.m2/repository/org/apache/tomcat/embed/tomcat-embed-core/9.0.46/tomcat-embed-core-9.0.46.jar:/Users/krzwier/.m2/repository/org/apache/tomcat/embed/tomcat-embed-el/9.0.46/tomcat-embed-el-9.0.46.jar:/Users/krzwier/.m2/repository/org/apache/tomcat/embed/tomcat-embed-websocket/9.0.46/tomcat-embed-websocket-9.0.46.jar:/Users/krzwier/.m2/repository/org/springframework/spring-web/5.3.7/spring-web-5.3.7.jar:/Users/krzwier/.m2/repository/org/springframework/spring-beans/5.3.7/spring-beans-5.3.7.jar:/Users/krzwier/.m2/repository/org/springframework/spring-webmvc/5.3.7/spring-webmvc-5.3.7.jar:/Users/krzwier/.m2/repository/org/springframework/spring-aop/5.3.7/spring-aop-5.3.7.jar:/Users/krzwier/.m2/repository/org/springframework/spring-context/5.3.7/spring-context-5.3.7.jar:/Users/krzwier/.m2/repository/org/springframework/spring-expression/5.3.7/spring-expression-5.3.7.jar:/Users/krzwier/.m2/repository/org/springframework/boot/spring-boot-starter-test/2.5.0/spring-boot-starter-test-2.5.0.jar:/Users/krzwier/.m2/repository/org/springframework/boot/spring-boot-test/2.5.0/spring-boot-test-2.5.0.jar:/Users/krzwier/.m2/repository/org/springframework/boot/spring-boot-test-autoconfigure/2.5.0/spring-boot-test-autoconfigure-2.5.0.jar:/Users/krzwier/.m2/repository/com/jayway/jsonpath/json-path/2.5.0/json-path-2.5.0.jar:/Users/krzwier/.m2/repository/net/minidev/json-smart/2.4.7/json-smart-2.4.7.jar:/Users/krzwier/.m2/repository/net/minidev/accessors-smart/2.4.7/accessors-smart-2.4.7.jar:/Users/krzwier/.m2/repository/org/slf4j/slf4j-api/1.7.30/slf4j-api-1.7.30.jar:/Users/krzwier/.m2/repository/jakarta/xml/bind/jakarta.xml.bind-api/2.3.3/jakarta.xml.bind-api-2.3.3.jar:/Users/krzwier/.m2/repository/jakarta/activation/jakarta.activation-api/1.2.2/jakarta.activation-api-1.2.2.jar:/Users/krzwier/.m2/repository/org/assertj/assertj-core/3.19.0/assertj-core-3.19.0.jar:/Users/krzwier/.m2/repository/org/junit/jupiter/junit-jupiter/5.7.2/junit-jupiter-5.7.2.jar:/Users/krzwier/.m2/repository/org/junit/jupiter/junit-jupiter-api/5.7.2/junit-jupiter-api-5.7.2.jar:/Users/krzwier/.m2/repository/org/apiguardian/apiguardian-api/1.1.0/apiguardian-api-1.1.0.jar:/Users/krzwier/.m2/repository/org/opentest4j/opentest4j/1.2.0/opentest4j-1.2.0.jar:/Users/krzwier/.m2/repository/org/junit/platform/junit-platform-commons/1.7.2/junit-platform-commons-1.7.2.jar:/Users/krzwier/.m2/repository/org/junit/jupiter/junit-jupiter-params/5.7.2/junit-jupiter-params-5.7.2.jar:/Users/krzwier/.m2/repository/org/junit/jupiter/junit-jupiter-engine/5.7.2/junit-jupiter-engine-5.7.2.jar:/Users/krzwier/.m2/repository/org/junit/platform/junit-platform-engine/1.7.2/junit-platform-engine-1.7.2.jar:/Users/krzwier/.m2/repository/org/mockito/mockito-core/3.9.0/mockito-core-3.9.0.jar:/Users/krzwier/.m2/repository/net/bytebuddy/byte-buddy/1.10.22/byte-buddy-1.10.22.jar:/Users/krzwier/.m2/repository/net/bytebuddy/byte-buddy-agent/1.10.22/byte-buddy-agent-1.10.22.jar:/Users/krzwier/.m2/repository/org/objenesis/objenesis/3.2/objenesis-3.2.jar:/Users/krzwier/.m2/repository/org/mockito/mockito-junit-jupiter/3.9.0/mockito-junit-jupiter-3.9.0.jar:/Users/krzwier/.m2/repository/org/skyscreamer/jsonassert/1.5.0/jsonassert-1.5.0.jar:/Users/krzwier/.m2/repository/com/vaadin/external/google/android-json/0.0.20131108.vaadin1/android-json-0.0.20131108.vaadin1.jar:/Users/krzwier/.m2/repository/org/springframework/spring-core/5.3.7/spring-core-5.3.7.jar:/Users/krzwier/.m2/repository/org/springframework/spring-jcl/5.3.7/spring-jcl-5.3.7.jar:/Users/krzwier/.m2/repository/org/springframework/spring-test/5.3.7/spring-test-5.3.7.jar:/Users/krzwier/.m2/repository/org/xmlunit/xmlunit-core/2.8.2/xmlunit-core-2.8.2.jar:/Users/krzwier/.m2/repository/org/apache/maven/plugins/maven-surefire-plugin/3.0.0-M5/maven-surefire-plugin-3.0.0-M5.jar:/Users/krzwier/.m2/repository/org/apache/maven/surefire/maven-surefire-common/3.0.0-M5/maven-surefire-common-3.0.0-M5.jar:/Users/krzwier/.m2/repository/org/apache/maven/surefire/surefire-api/3.0.0-M5/surefire-api-3.0.0-M5.jar:/Users/krzwier/.m2/repository/org/apache/maven/surefire/surefire-logger-api/3.0.0-M5/surefire-logger-api-3.0.0-M5.jar:/Users/krzwier/.m2/repository/org/apache/maven/surefire/surefire-extensions-api/3.0.0-M5/surefire-extensions-api-3.0.0-M5.jar:/Users/krzwier/.m2/repository/org/apache/maven/surefire/surefire-booter/3.0.0-M5/surefire-booter-3.0.0-M5.jar:/Users/krzwier/.m2/repository/org/apache/maven/surefire/surefire-extensions-spi/3.0.0-M5/surefire-extensions-spi-3.0.0-M5.jar:/Users/krzwier/.m2/repository/org/apache/maven/maven-toolchain/3.0-alpha-2/maven-toolchain-3.0-alpha-2.jar:/Users/krzwier/.m2/repository/org/apache/maven/shared/maven-artifact-transfer/0.11.0/maven-artifact-transfer-0.11.0.jar:/Users/krzwier/.m2/repository/org/apache/maven/shared/maven-common-artifact-filters/3.0.1/maven-common-artifact-filters-3.0.1.jar:/Users/krzwier/.m2/repository/org/apache/maven/maven-model/3.0/maven-model-3.0.jar:/Users/krzwier/.m2/repository/org/apache/maven/maven-plugin-api/3.0/maven-plugin-api-3.0.jar:/Users/krzwier/.m2/repository/org/sonatype/sisu/sisu-inject-plexus/1.4.2/sisu-inject-plexus-1.4.2.jar:/Users/krzwier/.m2/repository/org/codehaus/plexus/plexus-classworlds/2.2.3/plexus-classworlds-2.2.3.jar:/Users/krzwier/.m2/repository/org/sonatype/sisu/sisu-inject-bean/1.4.2/sisu-inject-bean-1.4.2.jar:/Users/krzwier/.m2/repository/org/sonatype/sisu/sisu-guice/2.1.7/sisu-guice-2.1.7-noaop.jar:/Users/krzwier/.m2/repository/org/apache/maven/shared/maven-shared-utils/3.1.0/maven-shared-utils-3.1.0.jar:/Users/krzwier/.m2/repository/commons-io/commons-io/2.5/commons-io-2.5.jar:/Users/krzwier/.m2/repository/commons-codec/commons-codec/1.15/commons-codec-1.15.jar:/Users/krzwier/.m2/repository/org/codehaus/plexus/plexus-java/1.0.5/plexus-java-1.0.5.jar:/Users/krzwier/.m2/repository/org/ow2/asm/asm/7.2/asm-7.2.jar:/Users/krzwier/.m2/repository/com/thoughtworks/qdox/qdox/2.0-M9/qdox-2.0-M9.jar:/Users/krzwier/.m2/repository/org/apache/maven/surefire/surefire-shared-utils/3.0.0-M4/surefire-shared-utils-3.0.0-M4.jar:"/>
    <property name="java.vm.vendor" value="Oracle Corporation"/>
    <property name="sun.arch.data.model" value="64"/>
    <property name="java.vendor.url" value="http://java.oracle.com/"/>
    <property name="user.timezone" value="America/Chicago"/>
    <property name="java.vm.specification.version" value="11"/>
    <property name="os.name" value="Mac OS X"/>
    <property name="sun.java.launcher" value="SUN_STANDARD"/>
    <property name="user.country" value="US"/>
    <property name="sun.boot.library.path" value="/Library/Java/JavaVirtualMachines/jdk-11.0.1.jdk/Contents/Home/lib"/>
    <property name="sun.java.command" value="/Users/krzwier/Dropbox/GitHub/factorial/backend/target/surefire/surefirebooter5636332630747859796.jar /Users/krzwier/Dropbox/GitHub/factorial/backend/target/surefire 2021-06-22T22-56-55_193-jvmRun1 surefire10074031259926072769tmp surefire_0930402824167092514tmp"/>
    <property name="http.nonProxyHosts" value="local|*.local|169.254/16|*.169.254/16"/>
    <property name="jdk.debug" value="release"/>
    <property name="surefire.test.class.path" value="/Users/krzwier/Dropbox/GitHub/factorial/backend/target/test-classes:/Users/krzwier/Dropbox/GitHub/factorial/backend/target/classes:/Users/krzwier/.m2/repository/org/hamcrest/hamcrest/2.2/hamcrest-2.2.jar:/Users/krzwier/.m2/repository/org/springframework/boot/spring-boot-starter-web/2.5.0/spring-boot-starter-web-2.5.0.jar:/Users/krzwier/.m2/repository/org/springframework/boot/spring-boot-starter/2.5.0/spring-boot-starter-2.5.0.jar:/Users/krzwier/.m2/repository/org/springframework/boot/spring-boot/2.5.0/spring-boot-2.5.0.jar:/Users/krzwier/.m2/repository/org/springframework/boot/spring-boot-autoconfigure/2.5.0/spring-boot-autoconfigure-2.5.0.jar:/Users/krzwier/.m2/repository/org/springframework/boot/spring-boot-starter-logging/2.5.0/spring-boot-starter-logging-2.5.0.jar:/Users/krzwier/.m2/repository/ch/qos/logback/logback-classic/1.2.3/logback-classic-1.2.3.jar:/Users/krzwier/.m2/repository/ch/qos/logback/logback-core/1.2.3/logback-core-1.2.3.jar:/Users/krzwier/.m2/repository/org/apache/logging/log4j/log4j-to-slf4j/2.14.1/log4j-to-slf4j-2.14.1.jar:/Users/krzwier/.m2/repository/org/apache/logging/log4j/log4j-api/2.14.1/log4j-api-2.14.1.jar:/Users/krzwier/.m2/repository/org/slf4j/jul-to-slf4j/1.7.30/jul-to-slf4j-1.7.30.jar:/Users/krzwier/.m2/repository/jakarta/annotation/jakarta.annotation-api/1.3.5/jakarta.annotation-api-1.3.5.jar:/Users/krzwier/.m2/repository/org/yaml/snakeyaml/1.28/snakeyaml-1.28.jar:/Users/krzwier/.m2/repository/org/springframework/boot/spring-boot-starter-json/2.5.0/spring-boot-starter-json-2.5.0.jar:/Users/krzwier/.m2/repository/com/fasterxml/jackson/core/jackson-databind/2.12.3/jackson-databind-2.12.3.jar:/Users/krzwier/.m2/repository/com/fasterxml/jackson/core/jackson-annotations/2.12.3/jackson-annotations-2.12.3.jar:/Users/krzwier/.m2/repository/com/fasterxml/jackson/core/jackson-core/2.12.3/jackson-core-2.12.3.jar:/Users/krzwier/.m2/repository/com/fasterxml/jackson/datatype/jackson-datatype-jdk8/2.12.3/jackson-datatype-jdk8-2.12.3.jar:/Users/krzwier/.m2/repository/com/fasterxml/jackson/datatype/jackson-datatype-jsr310/2.12.3/jackson-datatype-jsr310-2.12.3.jar:/Users/krzwier/.m2/repository/com/fasterxml/jackson/module/jackson-module-parameter-names/2.12.3/jackson-module-parameter-names-2.12.3.jar:/Users/krzwier/.m2/repository/org/springframework/boot/spring-boot-starter-tomcat/2.5.0/spring-boot-starter-tomcat-2.5.0.jar:/Users/krzwier/.m2/repository/org/apache/tomcat/embed/tomcat-embed-core/9.0.46/tomcat-embed-core-9.0.46.jar:/Users/krzwier/.m2/repository/org/apache/tomcat/embed/tomcat-embed-el/9.0.46/tomcat-embed-el-9.0.46.jar:/Users/krzwier/.m2/repository/org/apache/tomcat/embed/tomcat-embed-websocket/9.0.46/tomcat-embed-websocket-9.0.46.jar:/Users/krzwier/.m2/repository/org/springframework/spring-web/5.3.7/spring-web-5.3.7.jar:/Users/krzwier/.m2/repository/org/springframework/spring-beans/5.3.7/spring-beans-5.3.7.jar:/Users/krzwier/.m2/repository/org/springframework/spring-webmvc/5.3.7/spring-webmvc-5.3.7.jar:/Users/krzwier/.m2/repository/org/springframework/spring-aop/5.3.7/spring-aop-5.3.7.jar:/Users/krzwier/.m2/repository/org/springframework/spring-context/5.3.7/spring-context-5.3.7.jar:/Users/krzwier/.m2/repository/org/springframework/spring-expression/5.3.7/spring-expression-5.3.7.jar:/Users/krzwier/.m2/repository/org/springframework/boot/spring-boot-starter-test/2.5.0/spring-boot-starter-test-2.5.0.jar:/Users/krzwier/.m2/repository/org/springframework/boot/spring-boot-test/2.5.0/spring-boot-test-2.5.0.jar:/Users/krzwier/.m2/repository/org/springframework/boot/spring-boot-test-autoconfigure/2.5.0/spring-boot-test-autoconfigure-2.5.0.jar:/Users/krzwier/.m2/repository/com/jayway/jsonpath/json-path/2.5.0/json-path-2.5.0.jar:/Users/krzwier/.m2/repository/net/minidev/json-smart/2.4.7/json-smart-2.4.7.jar:/Users/krzwier/.m2/repository/net/minidev/accessors-smart/2.4.7/accessors-smart-2.4.7.jar:/Users/krzwier/.m2/repository/org/slf4j/slf4j-api/1.7.30/slf4j-api-1.7.30.jar:/Users/krzwier/.m2/repository/jakarta/xml/bind/jakarta.xml.bind-api/2.3.3/jakarta.xml.bind-api-2.3.3.jar:/Users/krzwier/.m2/repository/jakarta/activation/jakarta.activation-api/1.2.2/jakarta.activation-api-1.2.2.jar:/Users/krzwier/.m2/repository/org/assertj/assertj-core/3.19.0/assertj-core-3.19.0.jar:/Users/krzwier/.m2/repository/org/junit/jupiter/junit-jupiter/5.7.2/junit-jupiter-5.7.2.jar:/Users/krzwier/.m2/repository/org/junit/jupiter/junit-jupiter-api/5.7.2/junit-jupiter-api-5.7.2.jar:/Users/krzwier/.m2/repository/org/apiguardian/apiguardian-api/1.1.0/apiguardian-api-1.1.0.jar:/Users/krzwier/.m2/repository/org/opentest4j/opentest4j/1.2.0/opentest4j-1.2.0.jar:/Users/krzwier/.m2/repository/org/junit/platform/junit-platform-commons/1.7.2/junit-platform-commons-1.7.2.jar:/Users/krzwier/.m2/repository/org/junit/jupiter/junit-jupiter-params/5.7.2/junit-jupiter-params-5.7.2.jar:/Users/krzwier/.m2/repository/org/junit/jupiter/junit-jupiter-engine/5.7.2/junit-jupiter-engine-5.7.2.jar:/Users/krzwier/.m2/repository/org/junit/platform/junit-platform-engine/1.7.2/junit-platform-engine-1.7.2.jar:/Users/krzwier/.m2/repository/org/mockito/mockito-core/3.9.0/mockito-core-3.9.0.jar:/Users/krzwier/.m2/repository/net/bytebuddy/byte-buddy/1.10.22/byte-buddy-1.10.22.jar:/Users/krzwier/.m2/repository/net/bytebuddy/byte-buddy-agent/1.10.22/byte-buddy-agent-1.10.22.jar:/Users/krzwier/.m2/repository/org/objenesis/objenesis/3.2/objenesis-3.2.jar:/Users/krzwier/.m2/repository/org/mockito/mockito-junit-jupiter/3.9.0/mockito-junit-jupiter-3.9.0.jar:/Users/krzwier/.m2/repository/org/skyscreamer/jsonassert/1.5.0/jsonassert-1.5.0.jar:/Users/krzwier/.m2/repository/com/vaadin/external/google/android-json/0.0.20131108.vaadin1/android-json-0.0.20131108.vaadin1.jar:/Users/krzwier/.m2/repository/org/springframework/spring-core/5.3.7/spring-core-5.3.7.jar:/Users/krzwier/.m2/repository/org/springframework/spring-jcl/5.3.7/spring-jcl-5.3.7.jar:/Users/krzwier/.m2/repository/org/springframework/spring-test/5.3.7/spring-test-5.3.7.jar:/Users/krzwier/.m2/repository/org/xmlunit/xmlunit-core/2.8.2/xmlunit-core-2.8.2.jar:/Users/krzwier/.m2/repository/org/apache/maven/plugins/maven-surefire-plugin/3.0.0-M5/maven-surefire-plugin-3.0.0-M5.jar:/Users/krzwier/.m2/repository/org/apache/maven/surefire/maven-surefire-common/3.0.0-M5/maven-surefire-common-3.0.0-M5.jar:/Users/krzwier/.m2/repository/org/apache/maven/surefire/surefire-api/3.0.0-M5/surefire-api-3.0.0-M5.jar:/Users/krzwier/.m2/repository/org/apache/maven/surefire/surefire-logger-api/3.0.0-M5/surefire-logger-api-3.0.0-M5.jar:/Users/krzwier/.m2/repository/org/apache/maven/surefire/surefire-extensions-api/3.0.0-M5/surefire-extensions-api-3.0.0-M5.jar:/Users/krzwier/.m2/repository/org/apache/maven/surefire/surefire-booter/3.0.0-M5/surefire-booter-3.0.0-M5.jar:/Users/krzwier/.m2/repository/org/apache/maven/surefire/surefire-extensions-spi/3.0.0-M5/surefire-extensions-spi-3.0.0-M5.jar:/Users/krzwier/.m2/repository/org/apache/maven/maven-toolchain/3.0-alpha-2/maven-toolchain-3.0-alpha-2.jar:/Users/krzwier/.m2/repository/org/apache/maven/shared/maven-artifact-transfer/0.11.0/maven-artifact-transfer-0.11.0.jar:/Users/krzwier/.m2/repository/org/apache/maven/shared/maven-common-artifact-filters/3.0.1/maven-common-artifact-filters-3.0.1.jar:/Users/krzwier/.m2/repository/org/apache/maven/maven-model/3.0/maven-model-3.0.jar:/Users/krzwier/.m2/repository/org/apache/maven/maven-plugin-api/3.0/maven-plugin-api-3.0.jar:/Users/krzwier/.m2/repository/org/sonatype/sisu/sisu-inject-plexus/1.4.2/sisu-inject-plexus-1.4.2.jar:/Users/krzwier/.m2/repository/org/codehaus/plexus/plexus-classworlds/2.2.3/plexus-classworlds-2.2.3.jar:/Users/krzwier/.m2/repository/org/sonatype/sisu/sisu-inject-bean/1.4.2/sisu-inject-bean-1.4.2.jar:/Users/krzwier/.m2/repository/org/sonatype/sisu/sisu-guice/2.1.7/sisu-guice-2.1.7-noaop.jar:/Users/krzwier/.m2/repository/org/apache/maven/shared/maven-shared-utils/3.1.0/maven-shared-utils-3.1.0.jar:/Users/krzwier/.m2/repository/commons-io/commons-io/2.5/commons-io-2.5.jar:/Users/krzwier/.m2/repository/commons-codec/commons-codec/1.15/commons-codec-1.15.jar:/Users/krzwier/.m2/repository/org/codehaus/plexus/plexus-java/1.0.5/plexus-java-1.0.5.jar:/Users/krzwier/.m2/repository/org/ow2/asm/asm/7.2/asm-7.2.jar:/Users/krzwier/.m2/repository/com/thoughtworks/qdox/qdox/2.0-M9/qdox-2.0-M9.jar:/Users/krzwier/.m2/repository/org/apache/maven/surefire/surefire-shared-utils/3.0.0-M4/surefire-shared-utils-3.0.0-M4.jar:"/>
    <property name="sun.cpu.endian" value="little"/>
    <property name="user.home" value="/Users/krzwier"/>
    <property name="user.language" value="en"/>
    <property name="java.specification.vendor" value="Oracle Corporation"/>
    <property name="java.version.date" value="2018-10-16"/>
    <property name="java.home" value="/Library/Java/JavaVirtualMachines/jdk-11.0.1.jdk/Contents/Home"/>
    <property name="file.separator" value="/"/>
    <property name="basedir" value="/Users/krzwier/Dropbox/GitHub/factorial/backend"/>
    <property name="java.vm.compressedOopsMode" value="Zero based"/>
    <property name="line.separator" value="&#10;"/>
    <property name="java.specification.name" value="Java Platform API Specification"/>
    <property name="java.vm.specification.vendor" value="Oracle Corporation"/>
    <property name="FILE_LOG_CHARSET" value="UTF-8"/>
    <property name="java.awt.graphicsenv" value="sun.awt.CGraphicsEnvironment"/>
    <property name="java.awt.headless" value="true"/>
    <property name="surefire.real.class.path" value="/Users/krzwier/Dropbox/GitHub/factorial/backend/target/surefire/surefirebooter5636332630747859796.jar"/>
    <property name="sun.management.compiler" value="HotSpot 64-Bit Tiered Compilers"/>
    <property name="ftp.nonProxyHosts" value="local|*.local|169.254/16|*.169.254/16"/>
    <property name="java.runtime.version" value="11.0.1+13-LTS"/>
    <property name="user.name" value="krzwier"/>
    <property name="path.separator" value=":"/>
    <property name="os.version" value="10.16"/>
    <property name="java.runtime.name" value="Java(TM) SE Runtime Environment"/>
    <property name="file.encoding" value="UTF-8"/>
    <property name="spring.beaninfo.ignore" value="true"/>
    <property name="java.vm.name" value="Java HotSpot(TM) 64-Bit Server VM"/>
    <property name="java.vendor.version" value="18.9"/>
    <property name="localRepository" value="/Users/krzwier/.m2/repository"/>
    <property name="java.vendor.url.bug" value="http://bugreport.java.com/bugreport/"/>
    <property name="java.io.tmpdir" value="/var/folders/nk/16srt2gd00lg5f1wnqgcgrr00000gn/T/"/>
    <property name="java.version" value="11.0.1"/>
    <property name="user.dir" value="/Users/krzwier/Dropbox/GitHub/factorial/backend"/>
    <property name="os.arch" value="x86_64"/>
    <property name="java.vm.specification.name" value="Java Virtual Machine Specification"/>
    <property name="PID" value="43640"/>
    <property name="java.awt.printerjob" value="sun.lwawt.macosx.CPrinterJob"/>
    <property name="sun.os.patch.level" value="unknown"/>
    <property name="CONSOLE_LOG_CHARSET" value="UTF-8"/>
    <property name="java.library.path" value="/Users/krzwier/Library/Java/Extensions:/Library/Java/Extensions:/Network/Library/Java/Extensions:/System/Library/Java/Extensions:/usr/lib/java:."/>
    <property name="java.vendor" value="Oracle Corporation"/>
    <property name="java.vm.info" value="mixed mode"/>
    <property name="java.vm.version" value="11.0.1+13-LTS"/>
    <property name="sun.io.unicode.encoding" value="UnicodeBig"/>
    <property name="java.class.version" value="55.0"/>
    <property name="socksNonProxyHosts" value="local|*.local|169.254/16|*.169.254/16"/>
  </properties>
  <testcase name="contextLoads" classname="com.github.krzwier.KrzwierApplicationTests" time="0.004">
    <system-out><![CDATA[2021-06-22 22:57:03.322  INFO 43640 --- [           main] .b.t.c.SpringBootTestContextBootstrapper : Neither @ContextConfiguration nor @ContextHierarchy found for test class [com.github.krzwier.KrzwierApplicationTests], using SpringBootContextLoader
2021-06-22 22:57:03.323  INFO 43640 --- [           main] o.s.t.c.support.AbstractContextLoader    : Could not detect default resource locations for test class [com.github.krzwier.KrzwierApplicationTests]: no resource found for suffixes {-context.xml, Context.groovy}.
2021-06-22 22:57:03.324  INFO 43640 --- [           main] t.c.s.AnnotationConfigContextLoaderUtils : Could not detect default configuration classes for test class [com.github.krzwier.KrzwierApplicationTests]: KrzwierApplicationTests does not declare any static, non-private, non-final, nested classes annotated with @Configuration.
2021-06-22 22:57:03.326  INFO 43640 --- [           main] .b.t.c.SpringBootTestContextBootstrapper : Found @SpringBootConfiguration com.github.krzwier.KrzwierApplication for test class com.github.krzwier.KrzwierApplicationTests
2021-06-22 22:57:03.329  INFO 43640 --- [           main] .b.t.c.SpringBootTestContextBootstrapper : Loaded default TestExecutionListener class names from location [META-INF/spring.factories]: [org.springframework.boot.test.mock.mockito.MockitoTestExecutionListener, org.springframework.boot.test.mock.mockito.ResetMocksTestExecutionListener, org.springframework.boot.test.autoconfigure.restdocs.RestDocsTestExecutionListener, org.springframework.boot.test.autoconfigure.web.client.MockRestServiceServerResetTestExecutionListener, org.springframework.boot.test.autoconfigure.web.servlet.MockMvcPrintOnlyOnFailureTestExecutionListener, org.springframework.boot.test.autoconfigure.web.servlet.WebDriverTestExecutionListener, org.springframework.boot.test.autoconfigure.webservices.client.MockWebServiceServerTestExecutionListener, org.springframework.test.context.web.ServletTestExecutionListener, org.springframework.test.context.support.DirtiesContextBeforeModesTestExecutionListener, org.springframework.test.context.event.ApplicationEventsTestExecutionListener, org.springframework.test.context.support.DependencyInjectionTestExecutionListener, org.springframework.test.context.support.DirtiesContextTestExecutionListener, org.springframework.test.context.transaction.TransactionalTestExecutionListener, org.springframework.test.context.jdbc.SqlScriptsTestExecutionListener, org.springframework.test.context.event.EventPublishingTestExecutionListener]
2021-06-22 22:57:03.330  INFO 43640 --- [           main] .b.t.c.SpringBootTestContextBootstrapper : Using TestExecutionListeners: [org.springframework.test.context.web.ServletTestExecutionListener@51724715, org.springframework.test.context.support.DirtiesContextBeforeModesTestExecutionListener@c94f22d, org.springframework.test.context.event.ApplicationEventsTestExecutionListener@28cb3e1e, org.springframework.boot.test.mock.mockito.MockitoTestExecutionListener@7eb0ea3e, org.springframework.boot.test.autoconfigure.SpringBootDependencyInjectionTestExecutionListener@3db95012, org.springframework.test.context.support.DirtiesContextTestExecutionListener@1697d812, org.springframework.test.context.event.EventPublishingTestExecutionListener@675d3f10, org.springframework.boot.test.mock.mockito.ResetMocksTestExecutionListener@1ec5c8df, org.springframework.boot.test.autoconfigure.restdocs.RestDocsTestExecutionListener@698b32d5, org.springframework.boot.test.autoconfigure.web.client.MockRestServiceServerResetTestExecutionListener@41f420be, org.springframework.boot.test.autoconfigure.web.servlet.MockMvcPrintOnlyOnFailureTestExecutionListener@4fdf322f, org.springframework.boot.test.autoconfigure.web.servlet.WebDriverTestExecutionListener@7f6c983b, org.springframework.boot.test.autoconfigure.webservices.client.MockWebServiceServerTestExecutionListener@4f410099]

  .   ____          _            __ _ _
 /\\ / ___'_ __ _ _(_)_ __  __ _ \ \ \ \
( ( )\___ | '_ | '_| | '_ \/ _` | \ \ \ \
 \\/  ___)| |_)| | | | | || (_| |  ) ) ) )
  '  |____| .__|_| |_|_| |_\__, | / / / /
 =========|_|==============|___/=/_/_/_/
 :: Spring Boot ::                (v2.5.0)

2021-06-22 22:57:03.417  INFO 43640 --- [           main] c.g.krzwier.KrzwierApplicationTests      : Starting KrzwierApplicationTests using Java 11.0.1 on leibniz with PID 43640 (started by krzwier in /Users/krzwier/Dropbox/GitHub/factorial/backend)
2021-06-22 22:57:03.422  INFO 43640 --- [           main] c.g.krzwier.KrzwierApplicationTests      : No active profile set, falling back to default profiles: default
2021-06-22 22:57:04.058  INFO 43640 --- [           main] c.g.krzwier.KrzwierApplicationTests      : Started KrzwierApplicationTests in 0.717 seconds (JVM running for 8.203)
2021-06-22 22:57:04.059  INFO 43640 --- [           main] o.s.b.a.ApplicationAvailabilityBean      : Application availability state LivenessState changed to CORRECT
2021-06-22 22:57:04.060  INFO 43640 --- [           main] o.s.b.a.ApplicationAvailabilityBean      : Application availability state ReadinessState changed to ACCEPTING_TRAFFIC
]]></system-out>
  </testcase>
</testsuite>